ERROR - 2023-09-26 14:00:35 --> mysqli_sql_exception: Duplicate entry '0' for key 'music.PRIMARY' in C:\laragon\www\lab2_music\system\Database\MySQLi\Connection.php:306
Stack trace:
#0 C:\laragon\www\lab2_music\system\Database\MySQLi\Connection.php(306): mysqli->query('INSERT INTO `mu...', 0)
#1 C:\laragon\www\lab2_music\system\Database\BaseConnection.php(692): CodeIgniter\Database\MySQLi\Connection->execute('INSERT INTO `mu...')
#2 C:\laragon\www\lab2_music\system\Database\BaseConnection.php(606): CodeIgniter\Database\BaseConnection->simpleQuery('INSERT INTO `mu...')
#3 C:\laragon\www\lab2_music\system\Database\BaseBuilder.php(2308): CodeIgniter\Database\BaseConnection->query('INSERT INTO `mu...', Array, false)
#4 C:\laragon\www\lab2_music\system\Model.php(319): CodeIgniter\Database\BaseBuilder->insert()
#5 C:\laragon\www\lab2_music\system\BaseModel.php(788): CodeIgniter\Model->doInsert(Array)
#6 C:\laragon\www\lab2_music\system\Model.php(715): CodeIgniter\BaseModel->insert(Array, true)
#7 C:\laragon\www\lab2_music\app\Controllers\MusicController.php(104): CodeIgniter\Model->insert(Array)
#8 C:\laragon\www\lab2_music\system\CodeIgniter.php(919): App\Controllers\MusicController->upload()
#9 C:\laragon\www\lab2_music\system\CodeIgniter.php(494): CodeIgniter\CodeIgniter->runController(Object(App\Controllers\MusicController))
#10 C:\laragon\www\lab2_music\system\CodeIgniter.php(353): CodeIgniter\CodeIgniter->handleRequest(NULL, Object(Config\Cache), false)
#11 C:\laragon\www\lab2_music\public\index.php(79): CodeIgniter\CodeIgniter->run()
#12 C:\laragon\www\lab2_music\system\Commands\Server\rewrite.php(47): require_once('C:\\laragon\\www\\...')
#13 {main}
CRITICAL - 2023-09-26 14:00:35 --> Duplicate entry '0' for key 'music.PRIMARY'
in SYSTEMPATH\Database\BaseConnection.php on line 646.
 1 SYSTEMPATH\Database\BaseBuilder.php(2308): CodeIgniter\Database\BaseConnection->query('INSERT INTO `music` (`title`, `artist`, `file_path`) VALUES (:title:, :artist:, :file_path:)', [...], false)
 2 SYSTEMPATH\Model.php(319): CodeIgniter\Database\BaseBuilder->insert()
 3 SYSTEMPATH\BaseModel.php(788): CodeIgniter\Model->doInsert([...])
 4 SYSTEMPATH\Model.php(715): CodeIgniter\BaseModel->insert([...], true)
 5 APPPATH\Controllers\MusicController.php(104): CodeIgniter\Model->insert([...])
 6 SYSTEMPATH\CodeIgniter.php(919): App\Controllers\MusicController->upload()
 7 SYSTEMPATH\CodeIgniter.php(494): CodeIgniter\CodeIgniter->runController(Object(App\Controllers\MusicController))
 8 SYSTEMPATH\CodeIgniter.php(353): CodeIgniter\CodeIgniter->handleRequest(null, Object(Config\Cache), false)
 9 FCPATH\index.php(79): CodeIgniter\CodeIgniter->run()
10 SYSTEMPATH\Commands\Server\rewrite.php(47): require_once('C:\\laragon\\www\\lab2_music\\public\\index.php')
ERROR - 2023-09-26 14:00:52 --> mysqli_sql_exception: Duplicate entry '0' for key 'music.PRIMARY' in C:\laragon\www\lab2_music\system\Database\MySQLi\Connection.php:306
Stack trace:
#0 C:\laragon\www\lab2_music\system\Database\MySQLi\Connection.php(306): mysqli->query('INSERT INTO `mu...', 0)
#1 C:\laragon\www\lab2_music\system\Database\BaseConnection.php(692): CodeIgniter\Database\MySQLi\Connection->execute('INSERT INTO `mu...')
#2 C:\laragon\www\lab2_music\system\Database\BaseConnection.php(606): CodeIgniter\Database\BaseConnection->simpleQuery('INSERT INTO `mu...')
#3 C:\laragon\www\lab2_music\system\Database\BaseBuilder.php(2308): CodeIgniter\Database\BaseConnection->query('INSERT INTO `mu...', Array, false)
#4 C:\laragon\www\lab2_music\system\Model.php(319): CodeIgniter\Database\BaseBuilder->insert()
#5 C:\laragon\www\lab2_music\system\BaseModel.php(788): CodeIgniter\Model->doInsert(Array)
#6 C:\laragon\www\lab2_music\system\Model.php(715): CodeIgniter\BaseModel->insert(Array, true)
#7 C:\laragon\www\lab2_music\app\Controllers\MusicController.php(104): CodeIgniter\Model->insert(Array)
#8 C:\laragon\www\lab2_music\system\CodeIgniter.php(919): App\Controllers\MusicController->upload()
#9 C:\laragon\www\lab2_music\system\CodeIgniter.php(494): CodeIgniter\CodeIgniter->runController(Object(App\Controllers\MusicController))
#10 C:\laragon\www\lab2_music\system\CodeIgniter.php(353): CodeIgniter\CodeIgniter->handleRequest(NULL, Object(Config\Cache), false)
#11 C:\laragon\www\lab2_music\public\index.php(79): CodeIgniter\CodeIgniter->run()
#12 C:\laragon\www\lab2_music\system\Commands\Server\rewrite.php(47): require_once('C:\\laragon\\www\\...')
#13 {main}
CRITICAL - 2023-09-26 14:00:52 --> Duplicate entry '0' for key 'music.PRIMARY'
in SYSTEMPATH\Database\BaseConnection.php on line 646.
 1 SYSTEMPATH\Database\BaseBuilder.php(2308): CodeIgniter\Database\BaseConnection->query('INSERT INTO `music` (`title`, `artist`, `file_path`) VALUES (:title:, :artist:, :file_path:)', [...], false)
 2 SYSTEMPATH\Model.php(319): CodeIgniter\Database\BaseBuilder->insert()
 3 SYSTEMPATH\BaseModel.php(788): CodeIgniter\Model->doInsert([...])
 4 SYSTEMPATH\Model.php(715): CodeIgniter\BaseModel->insert([...], true)
 5 APPPATH\Controllers\MusicController.php(104): CodeIgniter\Model->insert([...])
 6 SYSTEMPATH\CodeIgniter.php(919): App\Controllers\MusicController->upload()
 7 SYSTEMPATH\CodeIgniter.php(494): CodeIgniter\CodeIgniter->runController(Object(App\Controllers\MusicController))
 8 SYSTEMPATH\CodeIgniter.php(353): CodeIgniter\CodeIgniter->handleRequest(null, Object(Config\Cache), false)
 9 FCPATH\index.php(79): CodeIgniter\CodeIgniter->run()
10 SYSTEMPATH\Commands\Server\rewrite.php(47): require_once('C:\\laragon\\www\\lab2_music\\public\\index.php')
ERROR - 2023-09-26 14:04:14 --> mysqli_sql_exception: Duplicate entry '0' for key 'music.PRIMARY' in C:\laragon\www\lab2_music\system\Database\MySQLi\Connection.php:306
Stack trace:
#0 C:\laragon\www\lab2_music\system\Database\MySQLi\Connection.php(306): mysqli->query('INSERT INTO `mu...', 0)
#1 C:\laragon\www\lab2_music\system\Database\BaseConnection.php(692): CodeIgniter\Database\MySQLi\Connection->execute('INSERT INTO `mu...')
#2 C:\laragon\www\lab2_music\system\Database\BaseConnection.php(606): CodeIgniter\Database\BaseConnection->simpleQuery('INSERT INTO `mu...')
#3 C:\laragon\www\lab2_music\system\Database\BaseBuilder.php(2308): CodeIgniter\Database\BaseConnection->query('INSERT INTO `mu...', Array, false)
#4 C:\laragon\www\lab2_music\system\Model.php(319): CodeIgniter\Database\BaseBuilder->insert()
#5 C:\laragon\www\lab2_music\system\BaseModel.php(788): CodeIgniter\Model->doInsert(Array)
#6 C:\laragon\www\lab2_music\system\Model.php(715): CodeIgniter\BaseModel->insert(Array, true)
#7 C:\laragon\www\lab2_music\app\Controllers\MusicController.php(104): CodeIgniter\Model->insert(Array)
#8 C:\laragon\www\lab2_music\system\CodeIgniter.php(919): App\Controllers\MusicController->upload()
#9 C:\laragon\www\lab2_music\system\CodeIgniter.php(494): CodeIgniter\CodeIgniter->runController(Object(App\Controllers\MusicController))
#10 C:\laragon\www\lab2_music\system\CodeIgniter.php(353): CodeIgniter\CodeIgniter->handleRequest(NULL, Object(Config\Cache), false)
#11 C:\laragon\www\lab2_music\public\index.php(79): CodeIgniter\CodeIgniter->run()
#12 C:\laragon\www\lab2_music\system\Commands\Server\rewrite.php(47): require_once('C:\\laragon\\www\\...')
#13 {main}
CRITICAL - 2023-09-26 14:04:14 --> Duplicate entry '0' for key 'music.PRIMARY'
in SYSTEMPATH\Database\BaseConnection.php on line 646.
 1 SYSTEMPATH\Database\BaseBuilder.php(2308): CodeIgniter\Database\BaseConnection->query('INSERT INTO `music` (`title`, `artist`, `file_path`) VALUES (:title:, :artist:, :file_path:)', [...], false)
 2 SYSTEMPATH\Model.php(319): CodeIgniter\Database\BaseBuilder->insert()
 3 SYSTEMPATH\BaseModel.php(788): CodeIgniter\Model->doInsert([...])
 4 SYSTEMPATH\Model.php(715): CodeIgniter\BaseModel->insert([...], true)
 5 APPPATH\Controllers\MusicController.php(104): CodeIgniter\Model->insert([...])
 6 SYSTEMPATH\CodeIgniter.php(919): App\Controllers\MusicController->upload()
 7 SYSTEMPATH\CodeIgniter.php(494): CodeIgniter\CodeIgniter->runController(Object(App\Controllers\MusicController))
 8 SYSTEMPATH\CodeIgniter.php(353): CodeIgniter\CodeIgniter->handleRequest(null, Object(Config\Cache), false)
 9 FCPATH\index.php(79): CodeIgniter\CodeIgniter->run()
10 SYSTEMPATH\Commands\Server\rewrite.php(47): require_once('C:\\laragon\\www\\lab2_music\\public\\index.php')
