CRITICAL - 2023-09-29 14:36:44 --> Undefined array key "playlist"
in APPPATH\Views\MainMusic.php on line 116.
 1 APPPATH\Views\MainMusic.php(116): CodeIgniter\Debug\Exceptions->errorHandler(2, 'Undefined array key "playlist"', 'C:\\laragon\\www\\music_player\\app\\Views\\MainMusic.php', 116)
 2 SYSTEMPATH\View\View.php(226): include('C:\\laragon\\www\\music_player\\app\\Views\\MainMusic.php')
 3 SYSTEMPATH\View\View.php(229): CodeIgniter\View\View->CodeIgniter\View\{closure}()
 4 SYSTEMPATH\Common.php(1188): CodeIgniter\View\View->render('MainMusic', [], true)
 5 APPPATH\Controllers\MusicController.php(61): view('MainMusic', [...])
 6 SYSTEMPATH\CodeIgniter.php(919): App\Controllers\MusicController->playlists('6')
 7 SYSTEMPATH\CodeIgniter.php(494): CodeIgniter\CodeIgniter->runController(Object(App\Controllers\MusicController))
 8 SYSTEMPATH\CodeIgniter.php(353): CodeIgniter\CodeIgniter->handleRequest(null, Object(Config\Cache), false)
 9 FCPATH\index.php(79): CodeIgniter\CodeIgniter->run()
10 SYSTEMPATH\Commands\Server\rewrite.php(47): require_once('C:\\laragon\\www\\music_player\\public\\index.php')
CRITICAL - 2023-09-29 14:44:02 --> Undefined array key "playlist"
in APPPATH\Views\MainMusic.php on line 116.
 1 APPPATH\Views\MainMusic.php(116): CodeIgniter\Debug\Exceptions->errorHandler(2, 'Undefined array key "playlist"', 'C:\\laragon\\www\\music_player\\app\\Views\\MainMusic.php', 116)
 2 SYSTEMPATH\View\View.php(226): include('C:\\laragon\\www\\music_player\\app\\Views\\MainMusic.php')
 3 SYSTEMPATH\View\View.php(229): CodeIgniter\View\View->CodeIgniter\View\{closure}()
 4 SYSTEMPATH\Common.php(1188): CodeIgniter\View\View->render('MainMusic', [], true)
 5 APPPATH\Controllers\MusicController.php(61): view('MainMusic', [...])
 6 SYSTEMPATH\CodeIgniter.php(919): App\Controllers\MusicController->playlists('6')
 7 SYSTEMPATH\CodeIgniter.php(494): CodeIgniter\CodeIgniter->runController(Object(App\Controllers\MusicController))
 8 SYSTEMPATH\CodeIgniter.php(353): CodeIgniter\CodeIgniter->handleRequest(null, Object(Config\Cache), false)
 9 FCPATH\index.php(79): CodeIgniter\CodeIgniter->run()
10 SYSTEMPATH\Commands\Server\rewrite.php(47): require_once('C:\\laragon\\www\\music_player\\public\\index.php')
